c:\cocos2d-x-3.17.2\project\clps1\proj.win32\debug.win32\helloworldscene.obj
c:\cocos2d-x-3.17.2\project\clps1\proj.win32\debug.win32\main.obj
c:\cocos2d-x-3.17.2\project\clps1\proj.win32\debug.win32\appdelegate.obj
c:\cocos2d-x-3.17.2\project\clps1\proj.win32\debug.win32\vc140.pdb
c:\cocos2d-x-3.17.2\project\clps1\proj.win32\debug.win32\bubble.obj
c:\cocos2d-x-3.17.2\project\clps1\proj.win32\debug.win32\clps1.lib
c:\cocos2d-x-3.17.2\project\clps1\proj.win32\debug.win32\clps1.exp
c:\cocos2d-x-3.17.2\project\clps1\proj.win32\debug.win32\clps1.ilk
c:\cocos2d-x-3.17.2\project\clps1\proj.win32\debug.win32\clps1.exe
c:\cocos2d-x-3.17.2\project\clps1\proj.win32\debug.win32\clps1.pdb
c:\cocos2d-x-3.17.2\project\clps1\proj.win32\debug.win32\game.res
c:\cocos2d-x-3.17.2\project\clps1\proj.win32\debug.win32\clps1.vcxprojresolveassemblyreference.cache
c:\cocos2d-x-3.17.2\project\clps1\proj.win32\debug.win32\libcocos2d.exp
c:\cocos2d-x-3.17.2\project\clps1\proj.win32\debug.win32\vc140.idb
c:\cocos2d-x-3.17.2\project\clps1\proj.win32\debug.win32\libcocos2d.pdb
c:\cocos2d-x-3.17.2\project\clps1\proj.win32\debug.win32\librecast.pdb
c:\cocos2d-x-3.17.2\project\clps1\proj.win32\debug.win32\libspine.pdb
c:\cocos2d-x-3.17.2\project\clps1\proj.win32\debug.win32\clps1.tlog\cl.command.1.tlog
c:\cocos2d-x-3.17.2\project\clps1\proj.win32\debug.win32\clps1.tlog\cl.read.1.tlog
c:\cocos2d-x-3.17.2\project\clps1\proj.win32\debug.win32\clps1.tlog\cl.write.1.tlog
c:\cocos2d-x-3.17.2\project\clps1\proj.win32\debug.win32\clps1.tlog\clps1.write.1u.tlog
c:\cocos2d-x-3.17.2\project\clps1\proj.win32\debug.win32\clps1.tlog\link.command.1.tlog
c:\cocos2d-x-3.17.2\project\clps1\proj.win32\debug.win32\clps1.tlog\link.read.1.tlog
c:\cocos2d-x-3.17.2\project\clps1\proj.win32\debug.win32\clps1.tlog\link.write.1.tlog
c:\cocos2d-x-3.17.2\project\clps1\proj.win32\debug.win32\clps1.tlog\rc.command.1.tlog
c:\cocos2d-x-3.17.2\project\clps1\proj.win32\debug.win32\clps1.tlog\rc.read.1.tlog
c:\cocos2d-x-3.17.2\project\clps1\proj.win32\debug.win32\clps1.tlog\rc.write.1.tlog
